{
  "stats": {
    "suites": 2,
    "tests": 10,
    "passes": 10,
    "pending": 0,
    "failures": 0,
    "start": "2022-01-16T05:46:15.157Z",
    "end": "2022-01-16T05:46:52.459Z",
    "duration": 35827,
    "testsRegistered": 10,
    "passPercent": 100,
    "pendingPercent": 0,
    "other": 0,
    "hasOther": false,
    "skipped": 0,
    "hasSkipped": false
  },
  "results": [
    {
      "uuid": "427c5d1f-30b7-47eb-8b5e-0293c0ab59bb",
      "title": "",
      "fullFile": "cypress/integration/payment.spec.js",
      "file": "cypress/integration/payment.spec.js",
      "beforeHooks": [],
      "afterHooks": [],
      "tests": [],
      "suites": [
        {
          "uuid": "12fcf85b-5f9e-4d57-85ec-b56ffb5bb025",
          "title": "Loan Payment test suite",
          "fullFile": "",
          "file": "",
          "beforeHooks": [],
          "afterHooks": [],
          "tests": [
            {
              "title": "TC_Paymet_3-1: Verify that user can add payment method successfully",
              "fullTitle": "Loan Payment test suite TC_Paymet_3-1: Verify that user can add payment method successfully",
              "timedOut": null,
              "duration": 7131,
              "state": "passed",
              "speed": "medium",
              "pass": true,
              "fail": false,
              "pending": false,
              "context": null,
              "code": "const creditCardNumber = \"6011111111111117\";\nconst exp = \"07/22\";\nconst cvv = \"554\";\nconst zip = \"21101\";\n_payment.onPayment.setUpPaymentMethod(creditCardNumber, exp, cvv, zip);",
              "err": {},
              "uuid": "dcbf8e75-5b2a-44db-9fbf-643443912ed2",
              "parentUUID": "12fcf85b-5f9e-4d57-85ec-b56ffb5bb025",
              "isHook": false,
              "skipped": false
            },
            {
              "title": "TC_Paymet_4-1: Verify that payment is done successfully using \"Upcoming + Overdue\" ",
              "fullTitle": "Loan Payment test suite TC_Paymet_4-1: Verify that payment is done successfully using \"Upcoming + Overdue\" ",
              "timedOut": null,
              "duration": 4279,
              "state": "passed",
              "speed": "fast",
              "pass": true,
              "fail": false,
              "pending": false,
              "context": null,
              "code": "_payment.onPayment.upComingOverdue();",
              "err": {},
              "uuid": "495a4402-2629-4f8b-965a-a6a82174fcdd",
              "parentUUID": "12fcf85b-5f9e-4d57-85ec-b56ffb5bb025",
              "isHook": false,
              "skipped": false
            },
            {
              "title": "TC_Paymet_5-1: Verify that Payment should not be proceed with Remaining Balance",
              "fullTitle": "Loan Payment test suite TC_Paymet_5-1: Verify that Payment should not be proceed with Remaining Balance",
              "timedOut": null,
              "duration": 4021,
              "state": "passed",
              "speed": "fast",
              "pass": true,
              "fail": false,
              "pending": false,
              "context": null,
              "code": "_payment.onPayment.remainingBalance();",
              "err": {},
              "uuid": "71358265-5c1e-42b8-bc6a-46361f0dc615",
              "parentUUID": "12fcf85b-5f9e-4d57-85ec-b56ffb5bb025",
              "isHook": false,
              "skipped": false
            },
            {
              "title": "TC_Paymet_6-1: Verify that Payment should not be proceed with Other amount",
              "fullTitle": "Loan Payment test suite TC_Paymet_6-1: Verify that Payment should not be proceed with Other amount",
              "timedOut": null,
              "duration": 4477,
              "state": "passed",
              "speed": "fast",
              "pass": true,
              "fail": false,
              "pending": false,
              "context": null,
              "code": "_payment.onPayment.otherAmount();",
              "err": {},
              "uuid": "7a87c902-511a-42cc-9baf-263ea384384c",
              "parentUUID": "12fcf85b-5f9e-4d57-85ec-b56ffb5bb025",
              "isHook": false,
              "skipped": false
            }
          ],
          "suites": [],
          "passes": [
            "dcbf8e75-5b2a-44db-9fbf-643443912ed2",
            "495a4402-2629-4f8b-965a-a6a82174fcdd",
            "71358265-5c1e-42b8-bc6a-46361f0dc615",
            "7a87c902-511a-42cc-9baf-263ea384384c"
          ],
          "failures": [],
          "pending": [],
          "skipped": [],
          "duration": 19908,
          "root": false,
          "rootEmpty": false,
          "_timeout": 2000
        }
      ],
      "passes": [],
      "failures": [],
      "pending": [],
      "skipped": [],
      "duration": 0,
      "root": true,
      "rootEmpty": true,
      "_timeout": 2000
    },
    {
      "uuid": "c3b6025e-9c58-423a-a262-a44a4103a962",
      "title": "",
      "fullFile": "cypress/integration/login.spec.js",
      "file": "cypress/integration/login.spec.js",
      "beforeHooks": [],
      "afterHooks": [],
      "tests": [],
      "suites": [
        {
          "uuid": "28d8db90-9d65-411c-b1d7-e61040d0f57a",
          "title": "Verify the login of PeachyLoans using valid Email and valid Password",
          "fullFile": "",
          "file": "",
          "beforeHooks": [],
          "afterHooks": [],
          "tests": [
            {
              "title": "TC_AUTH_001: Verify the login of PeachyLoans using valid Email and valid Password ",
              "fullTitle": "Verify the login of PeachyLoans using valid Email and valid Password TC_AUTH_001: Verify the login of PeachyLoans using valid Email and valid Password ",
              "timedOut": null,
              "duration": 2760,
              "state": "passed",
              "speed": "fast",
              "pass": true,
              "fail": false,
              "pending": false,
              "context": null,
              "code": "_login.onLogin.successfullLogin();",
              "err": {},
              "uuid": "9cad39cd-0214-45ca-99e3-f98fac4c671e",
              "parentUUID": "28d8db90-9d65-411c-b1d7-e61040d0f57a",
              "isHook": false,
              "skipped": false
            }
          ],
          "suites": [],
          "passes": [
            "9cad39cd-0214-45ca-99e3-f98fac4c671e"
          ],
          "failures": [],
          "pending": [],
          "skipped": [],
          "duration": 2760,
          "root": false,
          "rootEmpty": false,
          "_timeout": 2000
        },
        {
          "uuid": "c3e76733-0428-48f9-9c8a-f724510bde09",
          "title": "Verify the unsuccessful login of PeachyLoans using invalid Email and invalid Password",
          "fullFile": "",
          "file": "",
          "beforeHooks": [],
          "afterHooks": [],
          "tests": [
            {
              "title": "TC_AUTH_2-1: Verify the unsuccessful login of PeachyLoans using invalid Email and invalid Password ",
              "fullTitle": "Verify the unsuccessful login of PeachyLoans using invalid Email and invalid Password TC_AUTH_2-1: Verify the unsuccessful login of PeachyLoans using invalid Email and invalid Password ",
              "timedOut": null,
              "duration": 1422,
              "state": "passed",
              "speed": "fast",
              "pass": true,
              "fail": false,
              "pending": false,
              "context": null,
              "code": "_login.onLogin.invalidEmail_Password();",
              "err": {},
              "uuid": "a20f05b5-aa30-49ce-9f1e-592cb60ca986",
              "parentUUID": "c3e76733-0428-48f9-9c8a-f724510bde09",
              "isHook": false,
              "skipped": false
            },
            {
              "title": "TC_AUTH_2-2: Verify the account is locked due to too many failed attempts using invalid Email and invalid Password ",
              "fullTitle": "Verify the unsuccessful login of PeachyLoans using invalid Email and invalid Password TC_AUTH_2-2: Verify the account is locked due to too many failed attempts using invalid Email and invalid Password ",
              "timedOut": null,
              "duration": 8983,
              "state": "passed",
              "speed": "medium",
              "pass": true,
              "fail": false,
              "pending": false,
              "context": null,
              "code": "_login.onLogin.tooManyAttempts();",
              "err": {},
              "uuid": "3f9e28ec-8497-45c8-97c6-a95090d4065a",
              "parentUUID": "c3e76733-0428-48f9-9c8a-f724510bde09",
              "isHook": false,
              "skipped": false
            },
            {
              "title": "TC_AUTH_2-3: Verify the unsuccessful login of PeachyLoans using valid Email and invalid Password ",
              "fullTitle": "Verify the unsuccessful login of PeachyLoans using invalid Email and invalid Password TC_AUTH_2-3: Verify the unsuccessful login of PeachyLoans using valid Email and invalid Password ",
              "timedOut": null,
              "duration": 1654,
              "state": "passed",
              "speed": "fast",
              "pass": true,
              "fail": false,
              "pending": false,
              "context": null,
              "code": "_login.onLogin.invalidPass();",
              "err": {},
              "uuid": "06d80291-1e70-43f7-922a-3c137af7c17a",
              "parentUUID": "c3e76733-0428-48f9-9c8a-f724510bde09",
              "isHook": false,
              "skipped": false
            },
            {
              "title": "TC_AUTH_2-4: Verify the unsuccessful login page with blank Email and password. ",
              "fullTitle": "Verify the unsuccessful login of PeachyLoans using invalid Email and invalid Password TC_AUTH_2-4: Verify the unsuccessful login page with blank Email and password. ",
              "timedOut": null,
              "duration": 421,
              "state": "passed",
              "speed": "fast",
              "pass": true,
              "fail": false,
              "pending": false,
              "context": null,
              "code": "_login.onLogin.blankEmail_Password();",
              "err": {},
              "uuid": "a95f27ba-adea-432e-9c0f-098b59c71ad9",
              "parentUUID": "c3e76733-0428-48f9-9c8a-f724510bde09",
              "isHook": false,
              "skipped": false
            },
            {
              "title": "TC_AUTH_2-5: Verify the unsuccessful login of PeachyLoans entering Password only ",
              "fullTitle": "Verify the unsuccessful login of PeachyLoans using invalid Email and invalid Password TC_AUTH_2-5: Verify the unsuccessful login of PeachyLoans entering Password only ",
              "timedOut": null,
              "duration": 679,
              "state": "passed",
              "speed": "fast",
              "pass": true,
              "fail": false,
              "pending": false,
              "context": null,
              "code": "_login.onLogin.blankEmail();",
              "err": {},
              "uuid": "8ac54292-de9b-489c-8837-e304dc1ce6b7",
              "parentUUID": "c3e76733-0428-48f9-9c8a-f724510bde09",
              "isHook": false,
              "skipped": false
            }
          ],
          "suites": [],
          "passes": [
            "a20f05b5-aa30-49ce-9f1e-592cb60ca986",
            "3f9e28ec-8497-45c8-97c6-a95090d4065a",
            "06d80291-1e70-43f7-922a-3c137af7c17a",
            "a95f27ba-adea-432e-9c0f-098b59c71ad9",
            "8ac54292-de9b-489c-8837-e304dc1ce6b7"
          ],
          "failures": [],
          "pending": [],
          "skipped": [],
          "duration": 13159,
          "root": false,
          "rootEmpty": false,
          "_timeout": 2000
        }
      ],
      "passes": [],
      "failures": [],
      "pending": [],
      "skipped": [],
      "duration": 0,
      "root": true,
      "rootEmpty": true,
      "_timeout": 2000
    }
  ],
  "meta": {
    "mocha": {
      "version": "7.0.1"
    },
    "mochawesome": {
      "options": {
        "quiet": false,
        "reportFilename": "mochawesome",
        "saveHtml": false,
        "saveJson": true,
        "consoleReporter": "spec",
        "useInlineDiffs": false,
        "code": true
      },
      "version": "7.0.1"
    },
    "marge": {
      "options": {
        "id": "default",
        "reportDir": "cypress/results/mochawesome",
        "overwrite": false,
        "html": false,
        "json": true
      },
      "version": "6.0.1"
    }
  }
}