{
  "stats": {
    "suites": 1,
    "tests": 4,
    "passes": 4,
    "pending": 0,
    "failures": 0,
    "start": "2022-01-16T05:29:15.393Z",
    "end": "2022-01-16T05:29:34.740Z",
    "duration": 19347,
    "testsRegistered": 4,
    "passPercent": 100,
    "pendingPercent": 0,
    "other": 0,
    "hasOther": false,
    "skipped": 0,
    "hasSkipped": false
  },
  "results": [
    {
      "uuid": "21ebe92c-bb7f-4058-9be9-f82c016e42af",
      "title": "",
      "fullFile": "cypress/integration/payment.spec.js",
      "file": "cypress/integration/payment.spec.js",
      "beforeHooks": [],
      "afterHooks": [],
      "tests": [],
      "suites": [
        {
          "uuid": "a730eb92-e02e-4a68-84ee-ac4502d656ee",
          "title": "Loan Payment test suite",
          "fullFile": "",
          "file": "",
          "beforeHooks": [],
          "afterHooks": [],
          "tests": [
            {
              "title": "TC_Paymet_3-1: Verify that user can add payment method successfully",
              "fullTitle": "Loan Payment test suite TC_Paymet_3-1: Verify that user can add payment method successfully",
              "timedOut": null,
              "duration": 6679,
              "state": "passed",
              "speed": "medium",
              "pass": true,
              "fail": false,
              "pending": false,
              "context": null,
              "code": "const creditCardNumber = \"6011111111111117\";\nconst exp = \"07/22\";\nconst cvv = \"554\";\nconst zip = \"21101\";\n_payment.onPayment.setUpPaymentMethod(creditCardNumber, exp, cvv, zip);",
              "err": {},
              "uuid": "e102a2c2-c337-4603-bd81-2b1b008a19df",
              "parentUUID": "a730eb92-e02e-4a68-84ee-ac4502d656ee",
              "isHook": false,
              "skipped": false
            },
            {
              "title": "TC_Paymet_4-1: Verify that payment is done successfully using \"Upcoming + Overdue\" ",
              "fullTitle": "Loan Payment test suite TC_Paymet_4-1: Verify that payment is done successfully using \"Upcoming + Overdue\" ",
              "timedOut": null,
              "duration": 4143,
              "state": "passed",
              "speed": "fast",
              "pass": true,
              "fail": false,
              "pending": false,
              "context": null,
              "code": "_payment.onPayment.upComingOverdue();",
              "err": {},
              "uuid": "8744bad4-94e4-429a-9191-56fa56fcdcf6",
              "parentUUID": "a730eb92-e02e-4a68-84ee-ac4502d656ee",
              "isHook": false,
              "skipped": false
            },
            {
              "title": "TC_Paymet_5-1: Verify that Payment should not be proceed with Remaining Balance",
              "fullTitle": "Loan Payment test suite TC_Paymet_5-1: Verify that Payment should not be proceed with Remaining Balance",
              "timedOut": null,
              "duration": 4069,
              "state": "passed",
              "speed": "fast",
              "pass": true,
              "fail": false,
              "pending": false,
              "context": null,
              "code": "_payment.onPayment.remainingBalance();",
              "err": {},
              "uuid": "9ca1fe4d-9a70-4d24-ac9c-d053bb021892",
              "parentUUID": "a730eb92-e02e-4a68-84ee-ac4502d656ee",
              "isHook": false,
              "skipped": false
            },
            {
              "title": "TC_Paymet_6-1: Verify that Payment should not be proceed with Other amount",
              "fullTitle": "Loan Payment test suite TC_Paymet_6-1: Verify that Payment should not be proceed with Other amount",
              "timedOut": null,
              "duration": 4366,
              "state": "passed",
              "speed": "fast",
              "pass": true,
              "fail": false,
              "pending": false,
              "context": null,
              "code": "_payment.onPayment.otherAmount();",
              "err": {},
              "uuid": "0efc5a8d-b4a1-4ec8-b863-16ef091a47d4",
              "parentUUID": "a730eb92-e02e-4a68-84ee-ac4502d656ee",
              "isHook": false,
              "skipped": false
            }
          ],
          "suites": [],
          "passes": [
            "e102a2c2-c337-4603-bd81-2b1b008a19df",
            "8744bad4-94e4-429a-9191-56fa56fcdcf6",
            "9ca1fe4d-9a70-4d24-ac9c-d053bb021892",
            "0efc5a8d-b4a1-4ec8-b863-16ef091a47d4"
          ],
          "failures": [],
          "pending": [],
          "skipped": [],
          "duration": 19257,
          "root": false,
          "rootEmpty": false,
          "_timeout": 2000
        }
      ],
      "passes": [],
      "failures": [],
      "pending": [],
      "skipped": [],
      "duration": 0,
      "root": true,
      "rootEmpty": true,
      "_timeout": 2000
    }
  ],
  "meta": {
    "mocha": {
      "version": "7.0.1"
    },
    "mochawesome": {
      "options": {
        "quiet": false,
        "reportFilename": "mochawesome",
        "saveHtml": false,
        "saveJson": true,
        "consoleReporter": "spec",
        "useInlineDiffs": false,
        "code": true
      },
      "version": "7.0.1"
    },
    "marge": {
      "options": {
        "id": "default",
        "reportDir": "cypress/results/mochawesome",
        "overwrite": false,
        "html": false,
        "json": true
      },
      "version": "6.0.1"
    }
  }
}