{
  "stats": {
    "suites": 2,
    "tests": 6,
    "passes": 6,
    "pending": 0,
    "failures": 0,
    "start": "2022-01-16T05:28:58.360Z",
    "end": "2022-01-16T05:29:14.374Z",
    "duration": 16014,
    "testsRegistered": 6,
    "passPercent": 100,
    "pendingPercent": 0,
    "other": 0,
    "hasOther": false,
    "skipped": 0,
    "hasSkipped": false
  },
  "results": [
    {
      "uuid": "09c79ce6-cf6d-41da-bf88-902ecc3c5217",
      "title": "",
      "fullFile": "cypress/integration/login.spec.js",
      "file": "cypress/integration/login.spec.js",
      "beforeHooks": [],
      "afterHooks": [],
      "tests": [],
      "suites": [
        {
          "uuid": "d9c038fd-772e-40c5-a357-d65fb371b459",
          "title": "Verify the login of PeachyLoans using valid Email and valid Password",
          "fullFile": "",
          "file": "",
          "beforeHooks": [],
          "afterHooks": [],
          "tests": [
            {
              "title": "TC_AUTH_001: Verify the login of PeachyLoans using valid Email and valid Password ",
              "fullTitle": "Verify the login of PeachyLoans using valid Email and valid Password TC_AUTH_001: Verify the login of PeachyLoans using valid Email and valid Password ",
              "timedOut": null,
              "duration": 2716,
              "state": "passed",
              "speed": "fast",
              "pass": true,
              "fail": false,
              "pending": false,
              "context": null,
              "code": "_login.onLogin.successfullLogin();",
              "err": {},
              "uuid": "73d7f9a8-2a5b-4102-be13-487385b0d67d",
              "parentUUID": "d9c038fd-772e-40c5-a357-d65fb371b459",
              "isHook": false,
              "skipped": false
            }
          ],
          "suites": [],
          "passes": [
            "73d7f9a8-2a5b-4102-be13-487385b0d67d"
          ],
          "failures": [],
          "pending": [],
          "skipped": [],
          "duration": 2716,
          "root": false,
          "rootEmpty": false,
          "_timeout": 2000
        },
        {
          "uuid": "7e4442f1-4ff7-4b4a-9264-d1a78cb7a90a",
          "title": "Verify the unsuccessful login of PeachyLoans using invalid Email and invalid Password",
          "fullFile": "",
          "file": "",
          "beforeHooks": [],
          "afterHooks": [],
          "tests": [
            {
              "title": "TC_AUTH_2-1: Verify the unsuccessful login of PeachyLoans using invalid Email and invalid Password ",
              "fullTitle": "Verify the unsuccessful login of PeachyLoans using invalid Email and invalid Password TC_AUTH_2-1: Verify the unsuccessful login of PeachyLoans using invalid Email and invalid Password ",
              "timedOut": null,
              "duration": 1414,
              "state": "passed",
              "speed": "fast",
              "pass": true,
              "fail": false,
              "pending": false,
              "context": null,
              "code": "_login.onLogin.invalidEmail_Password();",
              "err": {},
              "uuid": "344d4958-643e-466b-8e30-31d5163981c4",
              "parentUUID": "7e4442f1-4ff7-4b4a-9264-d1a78cb7a90a",
              "isHook": false,
              "skipped": false
            },
            {
              "title": "TC_AUTH_2-2: Verify the account is locked due to too many failed attempts using invalid Email and invalid Password ",
              "fullTitle": "Verify the unsuccessful login of PeachyLoans using invalid Email and invalid Password TC_AUTH_2-2: Verify the account is locked due to too many failed attempts using invalid Email and invalid Password ",
              "timedOut": null,
              "duration": 9002,
              "state": "passed",
              "speed": "medium",
              "pass": true,
              "fail": false,
              "pending": false,
              "context": null,
              "code": "_login.onLogin.tooManyAttempts();",
              "err": {},
              "uuid": "5646afbb-c2c2-4e6e-8643-061f15a8e6fb",
              "parentUUID": "7e4442f1-4ff7-4b4a-9264-d1a78cb7a90a",
              "isHook": false,
              "skipped": false
            },
            {
              "title": "TC_AUTH_2-3: Verify the unsuccessful login of PeachyLoans using valid Email and invalid Password ",
              "fullTitle": "Verify the unsuccessful login of PeachyLoans using invalid Email and invalid Password TC_AUTH_2-3: Verify the unsuccessful login of PeachyLoans using valid Email and invalid Password ",
              "timedOut": null,
              "duration": 1672,
              "state": "passed",
              "speed": "fast",
              "pass": true,
              "fail": false,
              "pending": false,
              "context": null,
              "code": "_login.onLogin.invalidPass();",
              "err": {},
              "uuid": "bfc979d0-ecab-4bdf-895f-bee67cf2c64e",
              "parentUUID": "7e4442f1-4ff7-4b4a-9264-d1a78cb7a90a",
              "isHook": false,
              "skipped": false
            },
            {
              "title": "TC_AUTH_2-4: Verify the unsuccessful login page with blank Email and password. ",
              "fullTitle": "Verify the unsuccessful login of PeachyLoans using invalid Email and invalid Password TC_AUTH_2-4: Verify the unsuccessful login page with blank Email and password. ",
              "timedOut": null,
              "duration": 421,
              "state": "passed",
              "speed": "fast",
              "pass": true,
              "fail": false,
              "pending": false,
              "context": null,
              "code": "_login.onLogin.blankEmail_Password();",
              "err": {},
              "uuid": "ee7e7f2c-e4ee-460e-b213-5bdee3b71a6a",
              "parentUUID": "7e4442f1-4ff7-4b4a-9264-d1a78cb7a90a",
              "isHook": false,
              "skipped": false
            },
            {
              "title": "TC_AUTH_2-5: Verify the unsuccessful login of PeachyLoans entering Password only ",
              "fullTitle": "Verify the unsuccessful login of PeachyLoans using invalid Email and invalid Password TC_AUTH_2-5: Verify the unsuccessful login of PeachyLoans entering Password only ",
              "timedOut": null,
              "duration": 713,
              "state": "passed",
              "speed": "fast",
              "pass": true,
              "fail": false,
              "pending": false,
              "context": null,
              "code": "_login.onLogin.blankEmail();",
              "err": {},
              "uuid": "a6bdf6e8-f952-4ddd-a846-979c03e59b7e",
              "parentUUID": "7e4442f1-4ff7-4b4a-9264-d1a78cb7a90a",
              "isHook": false,
              "skipped": false
            }
          ],
          "suites": [],
          "passes": [
            "344d4958-643e-466b-8e30-31d5163981c4",
            "5646afbb-c2c2-4e6e-8643-061f15a8e6fb",
            "bfc979d0-ecab-4bdf-895f-bee67cf2c64e",
            "ee7e7f2c-e4ee-460e-b213-5bdee3b71a6a",
            "a6bdf6e8-f952-4ddd-a846-979c03e59b7e"
          ],
          "failures": [],
          "pending": [],
          "skipped": [],
          "duration": 13222,
          "root": false,
          "rootEmpty": false,
          "_timeout": 2000
        }
      ],
      "passes": [],
      "failures": [],
      "pending": [],
      "skipped": [],
      "duration": 0,
      "root": true,
      "rootEmpty": true,
      "_timeout": 2000
    }
  ],
  "meta": {
    "mocha": {
      "version": "7.0.1"
    },
    "mochawesome": {
      "options": {
        "quiet": false,
        "reportFilename": "mochawesome",
        "saveHtml": false,
        "saveJson": true,
        "consoleReporter": "spec",
        "useInlineDiffs": false,
        "code": true
      },
      "version": "7.0.1"
    },
    "marge": {
      "options": {
        "id": "default",
        "reportDir": "cypress/results/mochawesome",
        "overwrite": false,
        "html": false,
        "json": true
      },
      "version": "6.0.1"
    }
  }
}