{
  "stats": {
    "suites": 1,
    "tests": 4,
    "passes": 3,
    "pending": 0,
    "failures": 1,
    "start": "2022-01-16T04:03:51.864Z",
    "end": "2022-01-16T04:04:31.047Z",
    "duration": 39183,
    "testsRegistered": 4,
    "passPercent": 75,
    "pendingPercent": 0,
    "other": 0,
    "hasOther": false,
    "skipped": 0,
    "hasSkipped": false
  },
  "results": [
    {
      "uuid": "ba7b7394-4b69-4cf3-993a-ba190c0f668f",
      "title": "",
      "fullFile": "cypress/integration/payment.spec.js",
      "file": "cypress/integration/payment.spec.js",
      "beforeHooks": [],
      "afterHooks": [],
      "tests": [],
      "suites": [
        {
          "uuid": "541811ab-6fb8-488a-8026-5bb55bb42d56",
          "title": "Loan Payment test suite",
          "fullFile": "",
          "file": "",
          "beforeHooks": [],
          "afterHooks": [],
          "tests": [
            {
              "title": "TC_Paymet_3-1: Verify that user can add payment method successfully",
              "fullTitle": "Loan Payment test suite TC_Paymet_3-1: Verify that user can add payment method successfully",
              "timedOut": null,
              "duration": 18715,
              "state": "failed",
              "speed": null,
              "pass": false,
              "fail": true,
              "pending": false,
              "context": null,
              "code": "const creditCardNumber = \"6011111111111117\";\nconst exp = \"07/22\";\nconst cvv = \"554\";\nconst zip = \"21101\";\n_payment.onPayment.setUpPaymentMethod(creditCardNumber, exp, cvv, zip);",
              "err": {
                "message": "AssertionError: Timed out retrying after 10000ms: Expected to find element: `.message`, but never found it.",
                "estack": "AssertionError: Timed out retrying after 10000ms: Expected to find element: `.message`, but never found it.\n    at Payment.setUpPaymentMethod (https://peach-borrower.peach-dev.finance/__cypress/tests?p=cypress\\integration\\payment.spec.js:176:24)\n    at Context.eval (https://peach-borrower.peach-dev.finance/__cypress/tests?p=cypress\\integration\\payment.spec.js:115:24)",
                "diff": null
              },
              "uuid": "d3d6e93b-a642-4c1a-8508-22b268252a2c",
              "parentUUID": "541811ab-6fb8-488a-8026-5bb55bb42d56",
              "isHook": false,
              "skipped": false
            },
            {
              "title": "TC_Paymet_4-1: Verify that payment is done successfully using \"Upcoming + Overdue\" ",
              "fullTitle": "Loan Payment test suite TC_Paymet_4-1: Verify that payment is done successfully using \"Upcoming + Overdue\" ",
              "timedOut": null,
              "duration": 7449,
              "state": "passed",
              "speed": "medium",
              "pass": true,
              "fail": false,
              "pending": false,
              "context": null,
              "code": "_payment.onPayment.upComingOverdue();",
              "err": {},
              "uuid": "1b0e596d-3d55-4ce1-bad8-0fd48860eda5",
              "parentUUID": "541811ab-6fb8-488a-8026-5bb55bb42d56",
              "isHook": false,
              "skipped": false
            },
            {
              "title": "TC_Paymet_5-1: Verify that Payment should not be proceed with Remaining Balance",
              "fullTitle": "Loan Payment test suite TC_Paymet_5-1: Verify that Payment should not be proceed with Remaining Balance",
              "timedOut": null,
              "duration": 5995,
              "state": "passed",
              "speed": "medium",
              "pass": true,
              "fail": false,
              "pending": false,
              "context": null,
              "code": "_payment.onPayment.remainingBalance();",
              "err": {},
              "uuid": "ee412244-9ad5-4661-9e51-cbec2f88f229",
              "parentUUID": "541811ab-6fb8-488a-8026-5bb55bb42d56",
              "isHook": false,
              "skipped": false
            },
            {
              "title": "TC_Paymet_6-1: Verify that Payment should not be proceed with Other amount",
              "fullTitle": "Loan Payment test suite TC_Paymet_6-1: Verify that Payment should not be proceed with Other amount",
              "timedOut": null,
              "duration": 6679,
              "state": "passed",
              "speed": "medium",
              "pass": true,
              "fail": false,
              "pending": false,
              "context": null,
              "code": "_payment.onPayment.otherAmount();",
              "err": {},
              "uuid": "adbeece6-d176-486e-923d-d3e14d27a448",
              "parentUUID": "541811ab-6fb8-488a-8026-5bb55bb42d56",
              "isHook": false,
              "skipped": false
            }
          ],
          "suites": [],
          "passes": [
            "1b0e596d-3d55-4ce1-bad8-0fd48860eda5",
            "ee412244-9ad5-4661-9e51-cbec2f88f229",
            "adbeece6-d176-486e-923d-d3e14d27a448"
          ],
          "failures": [
            "d3d6e93b-a642-4c1a-8508-22b268252a2c"
          ],
          "pending": [],
          "skipped": [],
          "duration": 38838,
          "root": false,
          "rootEmpty": false,
          "_timeout": 2000
        }
      ],
      "passes": [],
      "failures": [],
      "pending": [],
      "skipped": [],
      "duration": 0,
      "root": true,
      "rootEmpty": true,
      "_timeout": 2000
    }
  ],
  "meta": {
    "mocha": {
      "version": "7.0.1"
    },
    "mochawesome": {
      "options": {
        "quiet": false,
        "reportFilename": "mochawesome",
        "saveHtml": false,
        "saveJson": true,
        "consoleReporter": "spec",
        "useInlineDiffs": false,
        "code": true
      },
      "version": "7.0.1"
    },
    "marge": {
      "options": {
        "id": "default",
        "reportDir": "cypress/results/mochawesome",
        "overwrite": false,
        "html": false,
        "json": true
      },
      "version": "6.0.1"
    }
  }
}